<?xml version="1.0" encoding="UTF-8"?>
<testng-results skipped="0" failed="0" total="1" passed="1">
  <reporter-output>
  </reporter-output>
  <suite name="Default suite" duration-ms="1869" started-at="2021-05-04T13:01:51Z" finished-at="2021-05-04T13:01:53Z">
    <groups>
    </groups>
    <test name="Default test" duration-ms="1869" started-at="2021-05-04T13:01:51Z" finished-at="2021-05-04T13:01:53Z">
      <class name="newmaven.Newtest">
        <test-method status="PASS" signature="start()[pri:0, instance:newmaven.Newtest@482f8f11]" name="start" duration-ms="1677" started-at="2021-05-04T18:31:51Z" finished-at="2021-05-04T18:31:53Z">
          <reporter-output>
          </reporter-output>
        </test-method> <!-- start -->
      </class> <!-- newmaven.Newtest -->
    </test> <!-- Default test -->
  </suite> <!-- Default suite -->
</testng-results>
